<?xml version="1.0" encoding="utf-8"?><testsuites><testsuite name="pytest" errors="0" failures="0" skipped="0" tests="0" time="0.744" timestamp="2021-10-21T07:43:12.767534" hostname="bibigrid-master-jdzmrjtottq9ctr" /></testsuites>